   1              		.syntax unified
   2              		.cpu cortex-m3
   3              		.fpu softvfp
   4              		.eabi_attribute 20, 1
   5              		.eabi_attribute 21, 1
   6              		.eabi_attribute 23, 3
   7              		.eabi_attribute 24, 1
   8              		.eabi_attribute 25, 1
   9              		.eabi_attribute 26, 2
  10              		.eabi_attribute 30, 4
  11              		.eabi_attribute 34, 1
  12              		.eabi_attribute 18, 4
  13              		.thumb
  14              		.file	"main.c"
  15              		.text
  16              	.Ltext0:
  17              		.cfi_sections	.debug_frame
  18              		.section	.text.Delay,"ax",%progbits
  19              		.align	1
  20              		.global	Delay
  21              		.thumb
  22              		.thumb_func
  24              	Delay:
  25              		.fnstart
  26              	.LFB30:
  27              		.file 1 "main.c"
   1:main.c        **** #include "stm32f10x_conf.h"
   2:main.c        **** 
   3:main.c        **** 
   4:main.c        **** GPIO_InitTypeDef GPIO_InitStructure;
   5:main.c        **** 
   6:main.c        **** 
   7:main.c        **** void Delay(vu32 nCount);
   8:main.c        **** void LED_Flash(void);
   9:main.c        **** 
  10:main.c        **** 
  11:main.c        **** int main(void)
  12:main.c        **** {
  13:main.c        **** 
  14:main.c        ****   /* Enable clocks */
  15:main.c        ****   RCC_APB2PeriphClockCmd(RCC_APB2Periph_GPIOC, ENABLE);
  16:main.c        **** 
  17:main.c        ****  
  18:main.c        ****   /* Configure PC.06 PC.07 as output push-pull */
  19:main.c        ****   GPIO_InitStructure.GPIO_Pin =  GPIO_Pin_6 | GPIO_Pin_7;
  20:main.c        ****   GPIO_InitStructure.GPIO_Mode = GPIO_Mode_Out_PP;
  21:main.c        ****   GPIO_InitStructure.GPIO_Speed = GPIO_Speed_50MHz;
  22:main.c        ****   GPIO_Init(GPIOC, &GPIO_InitStructure);
  23:main.c        **** 
  24:main.c        ****   //==============================================
  25:main.c        **** 
  26:main.c        ****   //SysTick_Config(SystemCoreClock / 1000);
  27:main.c        **** 
  28:main.c        **** 
  29:main.c        ****   while(1)
  30:main.c        ****   {
  31:main.c        **** 
  32:main.c        **** 
  33:main.c        ****     GPIO_SetBits(GPIOC, GPIO_Pin_6);
  34:main.c        ****     GPIO_ResetBits(GPIOC, GPIO_Pin_7);
  35:main.c        **** 
  36:main.c        ****     Delay(0x20000);
  37:main.c        ****     
  38:main.c        ****     GPIO_ResetBits(GPIOC, GPIO_Pin_6);
  39:main.c        ****     GPIO_SetBits(GPIOC, GPIO_Pin_7);
  40:main.c        **** 
  41:main.c        ****     Delay(0xA0000);
  42:main.c        **** 
  43:main.c        **** 
  44:main.c        ****   }
  45:main.c        **** }
  46:main.c        **** 
  47:main.c        **** 
  48:main.c        **** void Delay(vu32 nCount)
  49:main.c        **** {
  28              		.loc 1 49 0
  29              		.cfi_startproc
  30              		@ args = 0, pretend = 0, frame = 8
  31              		@ frame_needed = 0, uses_anonymous_args = 0
  32              		@ link register save eliminated.
  33              	.LVL0:
  34              		.pad #8
  35 0000 82B0     		sub	sp, sp, #8
  36              	.LCFI0:
  37              		.cfi_def_cfa_offset 8
  38              		.loc 1 49 0
  39 0002 0190     		str	r0, [sp, #4]
  50:main.c        ****   for(; nCount!= 0;nCount--);
  40              		.loc 1 50 0
  41 0004 02E0     		b	.L2
  42              	.L3:
  43              		.loc 1 50 0 is_stmt 0 discriminator 2
  44 0006 019B     		ldr	r3, [sp, #4]
  45 0008 013B     		subs	r3, r3, #1
  46              	.LVL1:
  47 000a 0193     		str	r3, [sp, #4]
  48              	.LVL2:
  49              	.L2:
  50              		.loc 1 50 0 discriminator 1
  51 000c 019B     		ldr	r3, [sp, #4]
  52 000e 002B     		cmp	r3, #0
  53 0010 F9D1     		bne	.L3
  51:main.c        **** }
  54              		.loc 1 51 0 is_stmt 1
  55 0012 02B0     		add	sp, sp, #8
  56 0014 7047     		bx	lr
  57              		.cfi_endproc
  58              	.LFE30:
  59              		.fnend
  61              		.section	.text.startup.main,"ax",%progbits
  62              		.align	1
  63              		.global	main
  64              		.thumb
  65              		.thumb_func
  67              	main:
  68              		.fnstart
  69              	.LFB29:
  12:main.c        **** {
  70              		.loc 1 12 0
  71              		.cfi_startproc
  72              		@ Volatile: function does not return.
  73              		@ args = 0, pretend = 0, frame = 0
  74              		@ frame_needed = 0, uses_anonymous_args = 0
  75 0000 08B5     		push	{r3, lr}
  76              		.save {r3, lr}
  77              	.LCFI1:
  78              		.cfi_def_cfa_offset 8
  79              		.cfi_offset 3, -8
  80              		.cfi_offset 14, -4
  15:main.c        ****   RCC_APB2PeriphClockCmd(RCC_APB2Periph_GPIOC, ENABLE);
  81              		.loc 1 15 0
  82 0002 1020     		movs	r0, #16
  83 0004 0121     		movs	r1, #1
  84 0006 FFF7FEFF 		bl	RCC_APB2PeriphClockCmd
  85              	.LVL3:
  19:main.c        ****   GPIO_InitStructure.GPIO_Pin =  GPIO_Pin_6 | GPIO_Pin_7;
  86              		.loc 1 19 0
  87 000a 1149     		ldr	r1, .L6
  88 000c C023     		movs	r3, #192
  89 000e 0B80     		strh	r3, [r1, #0]	@ movhi
  20:main.c        ****   GPIO_InitStructure.GPIO_Mode = GPIO_Mode_Out_PP;
  90              		.loc 1 20 0
  91 0010 1023     		movs	r3, #16
  92 0012 8B60     		str	r3, [r1, #8]
  22:main.c        ****   GPIO_Init(GPIOC, &GPIO_InitStructure);
  93              		.loc 1 22 0
  94 0014 0F48     		ldr	r0, .L6+4
  21:main.c        ****   GPIO_InitStructure.GPIO_Speed = GPIO_Speed_50MHz;
  95              		.loc 1 21 0
  96 0016 0323     		movs	r3, #3
  97 0018 4B60     		str	r3, [r1, #4]
  22:main.c        ****   GPIO_Init(GPIOC, &GPIO_InitStructure);
  98              		.loc 1 22 0
  99 001a FFF7FEFF 		bl	GPIO_Init
 100              	.LVL4:
 101              	.L5:
  33:main.c        ****     GPIO_SetBits(GPIOC, GPIO_Pin_6);
 102              		.loc 1 33 0 discriminator 1
 103 001e 4021     		movs	r1, #64
 104 0020 0C48     		ldr	r0, .L6+4
 105 0022 FFF7FEFF 		bl	GPIO_SetBits
 106              	.LVL5:
  34:main.c        ****     GPIO_ResetBits(GPIOC, GPIO_Pin_7);
 107              		.loc 1 34 0 discriminator 1
 108 0026 8021     		movs	r1, #128
 109 0028 0A48     		ldr	r0, .L6+4
 110 002a FFF7FEFF 		bl	GPIO_ResetBits
 111              	.LVL6:
  36:main.c        ****     Delay(0x20000);
 112              		.loc 1 36 0 discriminator 1
 113 002e 4FF40030 		mov	r0, #131072
 114 0032 FFF7FEFF 		bl	Delay
 115              	.LVL7:
  38:main.c        ****     GPIO_ResetBits(GPIOC, GPIO_Pin_6);
 116              		.loc 1 38 0 discriminator 1
 117 0036 4021     		movs	r1, #64
 118 0038 0648     		ldr	r0, .L6+4
 119 003a FFF7FEFF 		bl	GPIO_ResetBits
 120              	.LVL8:
  39:main.c        ****     GPIO_SetBits(GPIOC, GPIO_Pin_7);
 121              		.loc 1 39 0 discriminator 1
 122 003e 0548     		ldr	r0, .L6+4
 123 0040 8021     		movs	r1, #128
 124 0042 FFF7FEFF 		bl	GPIO_SetBits
 125              	.LVL9:
  41:main.c        ****     Delay(0xA0000);
 126              		.loc 1 41 0 discriminator 1
 127 0046 4FF42020 		mov	r0, #655360
 128 004a FFF7FEFF 		bl	Delay
 129              	.LVL10:
 130 004e E6E7     		b	.L5
 131              	.L7:
 132              		.align	2
 133              	.L6:
 134 0050 00000000 		.word	GPIO_InitStructure
 135 0054 00100140 		.word	1073811456
 136              		.cfi_endproc
 137              	.LFE29:
 138              		.fnend
 140              		.section	.text.LED_Flash,"ax",%progbits
 141              		.align	1
 142              		.global	LED_Flash
 143              		.thumb
 144              		.thumb_func
 146              	LED_Flash:
 147              		.fnstart
 148              	.LFB31:
  52:main.c        **** 
  53:main.c        **** 
  54:main.c        **** void LED_Flash(void)
  55:main.c        **** {
 149              		.loc 1 55 0
 150              		.cfi_startproc
 151              		@ args = 0, pretend = 0, frame = 0
 152              		@ frame_needed = 0, uses_anonymous_args = 0
 153              		@ link register save eliminated.
  56:main.c        **** 
  57:main.c        ****   static int f=0;
  58:main.c        ****    
  59:main.c        ****    if(f==0)
 154              		.loc 1 59 0
 155 0000 074B     		ldr	r3, .L10
 156 0002 1A68     		ldr	r2, [r3, #0]
 157 0004 2AB9     		cbnz	r2, .L9
  60:main.c        ****    {
  61:main.c        ****       f=1;
  62:main.c        ****       GPIO_SetBits(GPIOC, GPIO_Pin_6);//
 158              		.loc 1 62 0
 159 0006 0748     		ldr	r0, .L10+4
  61:main.c        ****       f=1;
 160              		.loc 1 61 0
 161 0008 0122     		movs	r2, #1
 162              		.loc 1 62 0
 163 000a 4021     		movs	r1, #64
  61:main.c        ****       f=1;
 164              		.loc 1 61 0
 165 000c 1A60     		str	r2, [r3, #0]
  63:main.c        ****    }
  64:main.c        ****    else
  65:main.c        ****    {
  66:main.c        ****       f=0;
  67:main.c        ****       GPIO_ResetBits(GPIOC, GPIO_Pin_6);//
  68:main.c        ****    }
  69:main.c        ****   
  70:main.c        **** }
 166              		.loc 1 70 0
  62:main.c        ****       GPIO_SetBits(GPIOC, GPIO_Pin_6);//
 167              		.loc 1 62 0
 168 000e FFF7FEBF 		b	GPIO_SetBits
 169              	.LVL11:
 170              	.L9:
  67:main.c        ****       GPIO_ResetBits(GPIOC, GPIO_Pin_6);//
 171              		.loc 1 67 0
 172 0012 0448     		ldr	r0, .L10+4
  66:main.c        ****       f=0;
 173              		.loc 1 66 0
 174 0014 0022     		movs	r2, #0
  67:main.c        ****       GPIO_ResetBits(GPIOC, GPIO_Pin_6);//
 175              		.loc 1 67 0
 176 0016 4021     		movs	r1, #64
  66:main.c        ****       f=0;
 177              		.loc 1 66 0
 178 0018 1A60     		str	r2, [r3, #0]
 179              		.loc 1 70 0
  67:main.c        ****       GPIO_ResetBits(GPIOC, GPIO_Pin_6);//
 180              		.loc 1 67 0
 181 001a FFF7FEBF 		b	GPIO_ResetBits
 182              	.LVL12:
 183              	.L11:
 184 001e 00BF     		.align	2
 185              	.L10:
 186 0020 00000000 		.word	.LANCHOR0
 187 0024 00100140 		.word	1073811456
 188              		.cfi_endproc
 189              	.LFE31:
 190              		.fnend
 192              		.section	.text.SysTick_Handler,"ax",%progbits
 193              		.align	1
 194              		.global	SysTick_Handler
 195              		.thumb
 196              		.thumb_func
 198              	SysTick_Handler:
 199              		.fnstart
 200              	.LFB32:
  71:main.c        **** 
  72:main.c        **** 
  73:main.c        **** void SysTick_Handler(void) {
 201              		.loc 1 73 0
 202              		.cfi_startproc
 203              		@ args = 0, pretend = 0, frame = 0
 204              		@ frame_needed = 0, uses_anonymous_args = 0
 205              		@ link register save eliminated.
  74:main.c        **** 
  75:main.c        ****    LED_Flash();
  76:main.c        **** 
  77:main.c        **** }
 206              		.loc 1 77 0
  75:main.c        ****    LED_Flash();
 207              		.loc 1 75 0
 208 0000 FFF7FEBF 		b	LED_Flash
 209              	.LVL13:
 210              		.cfi_endproc
 211              	.LFE32:
 212              		.fnend
 214              		.comm	GPIO_InitStructure,12,4
 215              		.section	.bss.f.5365,"aw",%nobits
 216              		.align	2
 217              	.LANCHOR0 = . + 0
 220              	f.5365:
 221 0000 00000000 		.space	4
 222              		.text
 223              	.Letext0:
 224              		.file 2 "/home/cnovak/CodeSourcery/Sourcery_CodeBench_Lite_for_ARM_GNU_Linux/bin/../arm-none-linux
 225              		.file 3 "StdPeriphLib/inc/stm32f10x.h"
 226              		.file 4 "StdPeriphLib/inc/stm32f10x_gpio.h"
 227              		.file 5 "StdPeriphLib/inc/core_cm3.h"
 228              		.file 6 "StdPeriphLib/inc/stm32f10x_rcc.h"
DEFINED SYMBOLS
                            *ABS*:00000000 main.c
     /tmp/cc2wVN2A.s:19     .text.Delay:00000000 $t
     /tmp/cc2wVN2A.s:24     .text.Delay:00000000 Delay
            .ARM.exidx.text.Delay:00000000 $d
     /tmp/cc2wVN2A.s:62     .text.startup.main:00000000 $t
     /tmp/cc2wVN2A.s:67     .text.startup.main:00000000 main
     /tmp/cc2wVN2A.s:134    .text.startup.main:00000050 $d
                            *COM*:0000000c GPIO_InitStructure
     .ARM.extab.text.startup.main:00000000 $d
     .ARM.exidx.text.startup.main:00000000 $d
     /tmp/cc2wVN2A.s:141    .text.LED_Flash:00000000 $t
     /tmp/cc2wVN2A.s:146    .text.LED_Flash:00000000 LED_Flash
     /tmp/cc2wVN2A.s:186    .text.LED_Flash:00000020 $d
        .ARM.exidx.text.LED_Flash:00000000 $d
     /tmp/cc2wVN2A.s:193    .text.SysTick_Handler:00000000 $t
     /tmp/cc2wVN2A.s:198    .text.SysTick_Handler:00000000 SysTick_Handler
  .ARM.exidx.text.SysTick_Handler:00000000 $d
     /tmp/cc2wVN2A.s:216    .bss.f.5365:00000000 $d
     /tmp/cc2wVN2A.s:220    .bss.f.5365:00000000 f.5365
                     .debug_frame:00000010 $d

UNDEFINED SYMBOLS
__aeabi_unwind_cpp_pr0
RCC_APB2PeriphClockCmd
GPIO_Init
GPIO_SetBits
GPIO_ResetBits
__aeabi_unwind_cpp_pr1
